<?xml version="1.0" encoding="UTF-8"?>
<!-- Generated by org.testng.reporters.JUnitReportReporter -->
<testsuite hostname="SUMANA" failures="0" tests="1" name="testScript.LoginTest" time="4.738" errors="0" timestamp="2025-06-02T18:31:34 IST" skipped="0">
  <testcase classname="testScript.LoginTest" name="verifyUserLoginWithInvalidCredentials" time="4.738"/>
</testsuite> <!-- testScript.LoginTest -->
