<?xml version="1.0" encoding="UTF-8"?>
<!-- Generated by org.testng.reporters.JUnitReportReporter -->
<testsuite hostname="SUMANA" failures="0" tests="1" name="seleniumBasics.TestNGAnnotations" time="0.013" errors="0" timestamp="2025-06-03T17:36:07 IST" skipped="0">
  <testcase classname="seleniumBasics.TestNGAnnotations" name="testCase" time="0.013"/>
</testsuite> <!-- seleniumBasics.TestNGAnnotations -->
