<?xml version="1.0" encoding="UTF-8"?>
<!-- Generated by org.testng.reporters.JUnitReportReporter -->
<testsuite hostname="SUMANA" failures="0" tests="1" name="testScript.HomePageTest" time="7.263" errors="0" timestamp="2025-06-08T18:08:59 IST" skipped="0">
  <testcase classname="testScript.HomePageTest" name="verifyUserLogout" time="7.263"/>
</testsuite> <!-- testScript.HomePageTest -->
