<?xml version="1.0" encoding="UTF-8"?>
<!-- Generated by org.testng.reporters.JUnitReportReporter -->
<testsuite hostname="SUMANA" failures="0" tests="1" name="testScript.HomePageTest" time="5.739" errors="0" timestamp="2025-06-19T14:40:32 IST" skipped="0">
  <testcase classname="testScript.HomePageTest" name="verifyUserLogout" time="5.739"/>
</testsuite> <!-- testScript.HomePageTest -->
