<?xml version="1.0" encoding="UTF-8"?>
<!-- Generated by org.testng.reporters.JUnitReportReporter -->
<testsuite hostname="SUMANA" failures="0" tests="2" name="testScript.LoginTest" time="6.930" errors="0" timestamp="2025-06-19T15:46:35 IST" skipped="0">
  <testcase classname="testScript.LoginTest" name="verifyUserLoginWithInvalidCredentials" time="2.172"/>
  <testcase classname="testScript.LoginTest" name="verifyUserLoginWithInvalidCredentials" time="4.758"/>
</testsuite> <!-- testScript.LoginTest -->
