<?xml version="1.0" encoding="UTF-8"?>
<!-- Generated by org.testng.reporters.JUnitReportReporter -->
<testsuite hostname="SUMANA" failures="0" tests="1" name="testScript.ManageNewsTest" time="6.783" errors="0" timestamp="2025-06-09T20:05:31 IST" skipped="0">
  <testcase classname="testScript.ManageNewsTest" name="verifySearchNews" time="6.783"/>
</testsuite> <!-- testScript.ManageNewsTest -->
