<?xml version="1.0" encoding="UTF-8"?>
<!-- Generated by org.testng.reporters.JUnitReportReporter -->
<testsuite hostname="SUMANA" failures="0" tests="1" name="testScript.ManageCategoryTest" time="11.436" errors="0" timestamp="2025-06-20T15:52:28 IST" skipped="0">
  <testcase classname="testScript.ManageCategoryTest" name="verifyAddNewCategory" time="11.436"/>
</testsuite> <!-- testScript.ManageCategoryTest -->
