<?xml version="1.0" encoding="UTF-8"?>
<!-- Generated by org.testng.reporters.JUnitReportReporter -->
<testsuite hostname="SUMANA" failures="0" tests="1" name="testScript.ManageNewsTest" time="7.683" errors="0" timestamp="2025-06-20T18:58:10 IST" skipped="0">
  <testcase classname="testScript.ManageNewsTest" name="verifySearchNews" time="7.683"/>
</testsuite> <!-- testScript.ManageNewsTest -->
